# JRE version: OpenJDK Runtime Environment (17.0.6) (build 17.0.6+0-b2043.56-10027231)
# Java VM: OpenJDK 64-Bit Server VM (17.0.6+0-b2043.56-10027231, mixed mode, tiered, compressed oops, compressed class ptrs, g1 gc, windows-amd64)
GC Precious Log:
 CPUs: 8 total, 8 available
 Memory: 15722M
 Large Page Support: Disabled
 NUMA Support: Disabled
 Compressed Oops: Enabled (32-bit)
 Heap Region Size: 1M
 Heap Min Capacity: 8M
 Heap Initial Capacity: 246M
 Heap Max Capacity: 2G
 Pre-touch: Disabled
 Parallel Workers: 8
 Concurrent Workers: 2
 Concurrent Refinement Workers: 8
 Periodic GC: Disabled
Heap:
 garbage-first heap   total 409600K, used 329090K [0x0000000080000000, 0x0000000100000000)
  region size 1024K, 84 young (86016K), 3 survivors (3072K)
 Metaspace       used 160166K, committed 161088K, reserved 1196032K
  class space    used 21005K, committed 21440K, reserved 1048576K
GC Heap History (20 events):
Event: 41.247 GC heap before
{Heap before GC invocations=46 (full 0):
 garbage-first heap   total 368640K, used 188309K [0x0000000080000000, 0x0000000100000000)
  region size 1024K, 18 young (18432K), 7 survivors (7168K)
 Metaspace       used 138219K, committed 139008K, reserved 1171456K
  class space    used 17878K, committed 18240K, reserved 1048576K
}
Event: 41.254 GC heap after
{Heap after GC invocations=47 (full 0):
 garbage-first heap   total 368640K, used 176524K [0x0000000080000000, 0x0000000100000000)
  region size 1024K, 2 young (2048K), 2 survivors (2048K)
 Metaspace       used 138219K, committed 139008K, reserved 1171456K
  class space    used 17878K, committed 18240K, reserved 1048576K
}
Event: 44.932 GC heap before
{Heap before GC invocations=47 (full 0):
 garbage-first heap   total 368640K, used 318860K [0x0000000080000000, 0x0000000100000000)
  region size 1024K, 119 young (121856K), 2 survivors (2048K)
 Metaspace       used 150071K, committed 150976K, reserved 1179648K
  class space    used 19688K, committed 20160K, reserved 1048576K
}
Event: 44.944 GC heap after
{Heap after GC invocations=48 (full 0):
 garbage-first heap   total 368640K, used 206337K [0x0000000080000000, 0x0000000100000000)
  region size 1024K, 15 young (15360K), 15 survivors (15360K)
 Metaspace       used 150071K, committed 150976K, reserved 1179648K
  class space    used 19688K, committed 20160K, reserved 1048576K
}
Event: 45.627 GC heap before
{Heap before GC invocations=48 (full 0):
 garbage-first heap   total 368640K, used 228865K [0x0000000080000000, 0x0000000100000000)
  region size 1024K, 38 young (38912K), 15 survivors (15360K)
 Metaspace       used 151294K, committed 152128K, reserved 1187840K
  class space    used 19853K, committed 20288K, reserved 1048576K
}
Event: 45.639 GC heap after
{Heap after GC invocations=49 (full 0):
 garbage-first heap   total 368640K, used 208177K [0x0000000080000000, 0x0000000100000000)
  region size 1024K, 2 young (2048K), 2 survivors (2048K)
 Metaspace       used 151294K, committed 152128K, reserved 1187840K
  class space    used 19853K, committed 20288K, reserved 1048576K
}
Event: 47.054 GC heap before
{Heap before GC invocations=50 (full 0):
 garbage-first heap   total 372736K, used 309553K [0x0000000080000000, 0x0000000100000000)
  region size 1024K, 98 young (100352K), 2 survivors (2048K)
 Metaspace       used 151313K, committed 152128K, reserved 1187840K
  class space    used 19854K, committed 20288K, reserved 1048576K
}
Event: 47.069 GC heap after
{Heap after GC invocations=51 (full 0):
 garbage-first heap   total 372736K, used 229323K [0x0000000080000000, 0x0000000100000000)
  region size 1024K, 13 young (13312K), 13 survivors (13312K)
 Metaspace       used 151313K, committed 152128K, reserved 1187840K
  class space    used 19854K, committed 20288K, reserved 1048576K
}
Event: 47.148 GC heap before
{Heap before GC invocations=51 (full 0):
 garbage-first heap   total 372736K, used 234443K [0x0000000080000000, 0x0000000100000000)
  region size 1024K, 18 young (18432K), 13 survivors (13312K)
 Metaspace       used 151313K, committed 152128K, reserved 1187840K
  class space    used 19854K, committed 20288K, reserved 1048576K
}
Event: 47.237 GC heap after
{Heap after GC invocations=52 (full 0):
 garbage-first heap   total 372736K, used 224669K [0x0000000080000000, 0x0000000100000000)
  region size 1024K, 3 young (3072K), 3 survivors (3072K)
 Metaspace       used 151313K, committed 152128K, reserved 1187840K
  class space    used 19854K, committed 20288K, reserved 1048576K
}
Event: 48.522 GC heap before
{Heap before GC invocations=52 (full 0):
 garbage-first heap   total 372736K, used 304541K [0x0000000080000000, 0x0000000100000000)
  region size 1024K, 81 young (82944K), 3 survivors (3072K)
 Metaspace       used 151315K, committed 152128K, reserved 1187840K
  class space    used 19854K, committed 20288K, reserved 1048576K
}
Event: 48.527 GC heap after
{Heap after GC invocations=53 (full 0):
 garbage-first heap   total 372736K, used 226519K [0x0000000080000000, 0x0000000100000000)
  region size 1024K, 5 young (5120K), 5 survivors (5120K)
 Metaspace       used 151315K, committed 152128K, reserved 1187840K
  class space    used 19854K, committed 20288K, reserved 1048576K
}
Event: 50.435 GC heap before
{Heap before GC invocations=53 (full 0):
 garbage-first heap   total 372736K, used 307415K [0x0000000080000000, 0x0000000100000000)
  region size 1024K, 84 young (86016K), 5 survivors (5120K)
 Metaspace       used 151316K, committed 152192K, reserved 1187840K
  class space    used 19854K, committed 20288K, reserved 1048576K
}
Event: 50.444 GC heap after
{Heap after GC invocations=54 (full 0):
 garbage-first heap   total 372736K, used 229312K [0x0000000080000000, 0x0000000100000000)
  region size 1024K, 8 young (8192K), 8 survivors (8192K)
 Metaspace       used 151316K, committed 152192K, reserved 1187840K
  class space    used 19854K, committed 20288K, reserved 1048576K
}
Event: 51.796 GC heap before
{Heap before GC invocations=54 (full 0):
 garbage-first heap   total 372736K, used 310208K [0x0000000080000000, 0x0000000100000000)
  region size 1024K, 87 young (89088K), 8 survivors (8192K)
 Metaspace       used 151316K, committed 152192K, reserved 1187840K
  class space    used 19854K, committed 20288K, reserved 1048576K
}
Event: 51.806 GC heap after
{Heap after GC invocations=55 (full 0):
 garbage-first heap   total 372736K, used 231911K [0x0000000080000000, 0x0000000100000000)
  region size 1024K, 8 young (8192K), 8 survivors (8192K)
 Metaspace       used 151316K, committed 152192K, reserved 1187840K
  class space    used 19854K, committed 20288K, reserved 1048576K
}
Event: 54.179 GC heap before
{Heap before GC invocations=56 (full 0):
 garbage-first heap   total 409600K, used 312807K [0x0000000080000000, 0x0000000100000000)
  region size 1024K, 87 young (89088K), 8 survivors (8192K)
 Metaspace       used 151318K, committed 152192K, reserved 1187840K
  class space    used 19855K, committed 20288K, reserved 1048576K
}
Event: 54.191 GC heap after
{Heap after GC invocations=57 (full 0):
 garbage-first heap   total 409600K, used 234681K [0x0000000080000000, 0x0000000100000000)
  region size 1024K, 8 young (8192K), 8 survivors (8192K)
 Metaspace       used 151318K, committed 152192K, reserved 1187840K
  class space    used 19855K, committed 20288K, reserved 1048576K
}
Event: 54.499 GC heap before
{Heap before GC invocations=57 (full 0):
 garbage-first heap   total 409600K, used 263353K [0x0000000080000000, 0x0000000100000000)
  region size 1024K, 20 young (20480K), 8 survivors (8192K)
 Metaspace       used 151350K, committed 152256K, reserved 1187840K
  class space    used 19865K, committed 20288K, reserved 1048576K
}
Event: 54.508 GC heap after
{Heap after GC invocations=58 (full 0):
 garbage-first heap   total 409600K, used 247170K [0x0000000080000000, 0x0000000100000000)
  region size 1024K, 3 young (3072K), 3 survivors (3072K)
 Metaspace       used 151350K, committed 152256K, reserved 1187840K
  class space    used 19865K, committed 20288K, reserved 1048576K
}

